The system is: Windows - 10.0.22631 - AMD64
Compiling the C compiler identification source file "CMakeCCompilerId.c" succeeded.
Compiler:  
Build flags: 
Id flags:  

The output was:
0
.NET Framework ??MSBuild ? 17.11.2+c078802d4
撌脩???撱箇蔭??2025/4/13 銝? 08:05:51??

蝭暺?1 (?身?格?) 銝?撠? "C:\Users\Jack Lin\Desktop\interview_project\build_debug\CMakeFiles\3.22.0\CompilerIdC\CompilerIdC.vcxproj"??
PrepareForBuild:
  甇?撱箇??桅? "Debug\"??
  蝯??撓?箏歇??楊霅臬閮箸?撘?撠??隤日?撅扎??閰喟敦鞈?嚗?? https://aka.ms/cpp/structured-output??
  甇?撱箇??桅? "Debug\CompilerIdC.tlog\"??
InitializeBuildStatus:
  ?望??鈭?"AlwaysCreate"嚗?甇斗迤?典遣蝡?"Debug\CompilerIdC.tlog\unsuccessfulbuild"??
  甇?霈???唾? "Debug\CompilerIdC.tlog\unsuccessfulbuild"??
ClCompile:
  C:\Program Files (x86)\Microsoft Visual Studio\2022\BuildTools\VC\Tools\MSVC\14.41.34120\bin\HostX64\x64\CL.exe /c /nologo /W0 /WX- /diagnostics:column /Od /D _MBCS /Gm- /EHsc /RTC1 /MDd /GS /fp:precise /Zc:wchar_t /Zc:forScope /Zc:inline /Fo"Debug\\" /Fd"Debug\vc143.pdb" /external:W0 /Gd /TC /FC /errorReport:queue CMakeCCompilerId.c
  CMakeCCompilerId.c
Link:
  C:\Program Files (x86)\Microsoft Visual Studio\2022\BuildTools\VC\Tools\MSVC\14.41.34120\bin\HostX64\x64\link.exe /ERRORREPORT:QUEUE /OUT:".\CompilerIdC.exe" /INCREMENTAL:NO /NOLOGO kernel32.lib user32.lib gdi32.lib winspool.lib comdlg32.lib advapi32.lib shell32.lib ole32.lib oleaut32.lib uuid.lib odbc32.lib odbccp32.lib /MANIFEST /MANIFESTUAC:"level='asInvoker' uiAccess='false'" /manifest:embed /PDB:".\CompilerIdC.pdb" /SUBSYSTEM:CONSOLE /TLBID:1 /DYNAMICBASE /NXCOMPAT /IMPLIB:".\CompilerIdC.lib" /MACHINE:X64 Debug\CMakeCCompilerId.obj
  CompilerIdC.vcxproj -> C:\Users\Jack Lin\Desktop\interview_project\build_debug\CMakeFiles\3.22.0\CompilerIdC\CompilerIdC.exe
PostBuildEvent:
  for %%i in (cl.exe) do @echo CMAKE_C_COMPILER=%%~$PATH:i
  :VCEnd
  CMAKE_C_COMPILER=C:\Program Files (x86)\Microsoft Visual Studio\2022\BuildTools\VC\Tools\MSVC\14.41.34120\bin\Hostx64\x64\cl.exe
FinalizeBuildStatus:
  甇??芷瑼? "Debug\CompilerIdC.tlog\unsuccessfulbuild"??
  甇?霈???唾? "Debug\CompilerIdC.tlog\CompilerIdC.lastbuildstate"??
撠? "C:\Users\Jack Lin\Desktop\interview_project\build_debug\CMakeFiles\3.22.0\CompilerIdC\CompilerIdC.vcxproj" (?身?格?) 撱箇蔭摰???

撱箇蔭????
    0 ?郎??
    0 ?隤?

蝬??? 00:00:00.44


Compilation of the C compiler identification source "CMakeCCompilerId.c" produced "CompilerIdC.exe"

Compilation of the C compiler identification source "CMakeCCompilerId.c" produced "CompilerIdC.vcxproj"

The C compiler identification is MSVC, found in "C:/Users/Jack Lin/Desktop/interview_project/build_debug/CMakeFiles/3.22.0/CompilerIdC/CompilerIdC.exe"

Compiling the CXX compiler identification source file "CMakeCXXCompilerId.cpp" succeeded.
Compiler:  
Build flags: 
Id flags:  

The output was:
0
.NET Framework ??MSBuild ? 17.11.2+c078802d4
撌脩???撱箇蔭??2025/4/13 銝? 08:05:51??

蝭暺?1 (?身?格?) 銝?撠? "C:\Users\Jack Lin\Desktop\interview_project\build_debug\CMakeFiles\3.22.0\CompilerIdCXX\CompilerIdCXX.vcxproj"??
PrepareForBuild:
  甇?撱箇??桅? "Debug\"??
  蝯??撓?箏歇??楊霅臬閮箸?撘?撠??隤日?撅扎??閰喟敦鞈?嚗?? https://aka.ms/cpp/structured-output??
  甇?撱箇??桅? "Debug\CompilerIdCXX.tlog\"??
InitializeBuildStatus:
  ?望??鈭?"AlwaysCreate"嚗?甇斗迤?典遣蝡?"Debug\CompilerIdCXX.tlog\unsuccessfulbuild"??
  甇?霈???唾? "Debug\CompilerIdCXX.tlog\unsuccessfulbuild"??
ClCompile:
  C:\Program Files (x86)\Microsoft Visual Studio\2022\BuildTools\VC\Tools\MSVC\14.41.34120\bin\HostX64\x64\CL.exe /c /nologo /W0 /WX- /diagnostics:column /Od /D _MBCS /Gm- /EHsc /RTC1 /MDd /GS /fp:precise /Zc:wchar_t /Zc:forScope /Zc:inline /Fo"Debug\\" /Fd"Debug\vc143.pdb" /external:W0 /Gd /TP /FC /errorReport:queue CMakeCXXCompilerId.cpp
  CMakeCXXCompilerId.cpp
Link:
  C:\Program Files (x86)\Microsoft Visual Studio\2022\BuildTools\VC\Tools\MSVC\14.41.34120\bin\HostX64\x64\link.exe /ERRORREPORT:QUEUE /OUT:".\CompilerIdCXX.exe" /INCREMENTAL:NO /NOLOGO kernel32.lib user32.lib gdi32.lib winspool.lib comdlg32.lib advapi32.lib shell32.lib ole32.lib oleaut32.lib uuid.lib odbc32.lib odbccp32.lib /MANIFEST /MANIFESTUAC:"level='asInvoker' uiAccess='false'" /manifest:embed /PDB:".\CompilerIdCXX.pdb" /SUBSYSTEM:CONSOLE /TLBID:1 /DYNAMICBASE /NXCOMPAT /IMPLIB:".\CompilerIdCXX.lib" /MACHINE:X64 Debug\CMakeCXXCompilerId.obj
  CompilerIdCXX.vcxproj -> C:\Users\Jack Lin\Desktop\interview_project\build_debug\CMakeFiles\3.22.0\CompilerIdCXX\CompilerIdCXX.exe
PostBuildEvent:
  for %%i in (cl.exe) do @echo CMAKE_CXX_COMPILER=%%~$PATH:i
  :VCEnd
  CMAKE_CXX_COMPILER=C:\Program Files (x86)\Microsoft Visual Studio\2022\BuildTools\VC\Tools\MSVC\14.41.34120\bin\Hostx64\x64\cl.exe
FinalizeBuildStatus:
  甇??芷瑼? "Debug\CompilerIdCXX.tlog\unsuccessfulbuild"??
  甇?霈???唾? "Debug\CompilerIdCXX.tlog\CompilerIdCXX.lastbuildstate"??
撠? "C:\Users\Jack Lin\Desktop\interview_project\build_debug\CMakeFiles\3.22.0\CompilerIdCXX\CompilerIdCXX.vcxproj" (?身?格?) 撱箇蔭摰???

撱箇蔭????
    0 ?郎??
    0 ?隤?

蝬??? 00:00:00.41


Compilation of the CXX compiler identification source "CMakeCXXCompilerId.cpp" produced "CompilerIdCXX.exe"

Compilation of the CXX compiler identification source "CMakeCXXCompilerId.cpp" produced "CompilerIdCXX.vcxproj"

The CXX compiler identification is MSVC, found in "C:/Users/Jack Lin/Desktop/interview_project/build_debug/CMakeFiles/3.22.0/CompilerIdCXX/CompilerIdCXX.exe"

Detecting C compiler ABI info compiled with the following output:
Change Dir: C:/Users/Jack Lin/Desktop/interview_project/build_debug/CMakeFiles/CMakeTmp

Run Build Command(s):C:/Program Files (x86)/Microsoft Visual Studio/2022/BuildTools/MSBuild/Current/Bin/amd64/MSBuild.exe cmTC_8e38c.vcxproj /p:Configuration=Debug /p:Platform=x64 /p:VisualStudioVersion=17.0 /v:m && .NET Framework ??MSBuild ? 17.11.2+c078802d4

  Microsoft (R) C/C++ Optimizing Compiler Version 19.41.34120 for x64
  Copyright (C) Microsoft Corporation.  ??甈???銝虫??????押?
  cl /c /Zi /W1 /WX- /diagnostics:column /Od /Ob0 /D _MBCS /D WIN32 /D _WINDOWS /D "CMAKE_INTDIR=\"Debug\"" /Gm- /RTC1 /MDd /GS /fp:precise /Zc:wchar_t /Zc:forScope /Zc:inline /Fo"cmTC_8e38c.dir\Debug\\" /Fd"cmTC_8e38c.dir\Debug\vc143.pdb" /external:W1 /Gd /TC /errorReport:queue "C:\Program Files\CMake\share\cmake-3.22\Modules\CMakeCCompilerABI.c"
  CMakeCCompilerABI.c
  cmTC_8e38c.vcxproj -> C:\Users\Jack Lin\Desktop\interview_project\build_debug\CMakeFiles\CMakeTmp\Debug\cmTC_8e38c.exe



Detecting CXX compiler ABI info compiled with the following output:
Change Dir: C:/Users/Jack Lin/Desktop/interview_project/build_debug/CMakeFiles/CMakeTmp

Run Build Command(s):C:/Program Files (x86)/Microsoft Visual Studio/2022/BuildTools/MSBuild/Current/Bin/amd64/MSBuild.exe cmTC_b0a2c.vcxproj /p:Configuration=Debug /p:Platform=x64 /p:VisualStudioVersion=17.0 /v:m && .NET Framework ??MSBuild ? 17.11.2+c078802d4

  Microsoft (R) C/C++ Optimizing Compiler Version 19.41.34120 for x64
  Copyright (C) Microsoft Corporation.  ??甈???銝虫??????押?
  cl /c /Zi /W1 /WX- /diagnostics:column /Od /Ob0 /D _MBCS /D WIN32 /D _WINDOWS /D "CMAKE_INTDIR=\"Debug\"" /Gm- /EHsc /RTC1 /MDd /GS /fp:precise /Zc:wchar_t /Zc:forScope /Zc:inline /Fo"cmTC_b0a2c.dir\Debug\\" /Fd"cmTC_b0a2c.dir\Debug\vc143.pdb" /external:W1 /Gd /TP /errorReport:queue "C:\Program Files\CMake\share\cmake-3.22\Modules\CMakeCXXCompilerABI.cpp"
  CMakeCXXCompilerABI.cpp
  cmTC_b0a2c.vcxproj -> C:\Users\Jack Lin\Desktop\interview_project\build_debug\CMakeFiles\CMakeTmp\Debug\cmTC_b0a2c.exe



